2025-06-27 23:25:06,598 - ERROR - \u274c Failed to place order: APIError(code=-2015): Invalid API-key, IP, or permissions for action
2025-06-27 23:28:15,292 - ERROR - \u274c Failed to place order: APIError(code=-2015): Invalid API-key, IP, or permissions for action
[2025-06-27 20:30:12] INFO: Placed MARKET BUY order | Symbol: BTCUSDT | Qty: 0.01 | Order ID: 9837452 | Status: FILLED
[2025-06-27 20:35:10] INFO: Placed LIMIT SELL order | Symbol: BTCUSDT | Qty: 0.01 | Price: 28500 | Order ID: 9837462 | Status: NEW
[2025-06-27 20:42:55] ERROR: BinanceAPIException: Price not valid for symbol BTCUSDT
[2025-06-27 20:45:03] INFO: LIMIT SELL order filled | Order ID: 9837462 | Status: FILLED
2025-06-28 10:31:59,274 - \u274c Failed to place order: APIError(code=-1022): Signature for this request is not valid.
2025-06-28 10:39:01,748 - \u2705 Order placed: {'orderId': 4910391543, 'symbol': 'BTCUSDT', 'status': 'NEW', 'clientOrderId': 'x-Cb7ytekJ369a932b09d3faea7a8929', 'price': '0.00', 'avgPrice': '0.00', 'origQty': '0.010', 'executedQty': '0.000', 'cumQty': '0.000', 'cumQuote': '0.00000', 'timeInForce': 'GTC', 'type': 'MARKET', 'reduceOnly': False, 'closePosition': False, 'side': 'BUY', 'positionSide': 'BOTH', 'stopPrice': '0.00', 'workingType': 'CONTRACT_PRICE', 'priceProtect': False, 'origType': 'MARKET', 'priceMatch': 'NONE', 'selfTradePreventionMode': 'EXPIRE_MAKER', 'goodTillDate': 0, 'updateTime': 1751087340482}
2025-06-28 10:49:19,268 - \u274c Failed to place order: APIError(code=-1111): Precision is over the maximum defined for this asset.
2025-06-28 10:50:32,271 - \u274c Failed to place order: APIError(code=-4013): Price less than min price.
2025-06-28 10:56:15,784 - \u274c Failed to place order: APIError(code=-1022): Signature for this request is not valid.
2025-06-28 11:04:30,447 - \u274c Failed to place order: APIError(code=-4164): Order's notional must be no smaller than 100 (unless you choose reduce only).
2025-06-28 11:08:02,792 - \u2705 Order placed: {'orderId': 4911442461, 'symbol': 'BTCUSDT', 'status': 'NEW', 'clientOrderId': 'x-Cb7ytekJ8b830876e316f590e8003e', 'price': '64000.00', 'avgPrice': '0.00', 'origQty': '0.002', 'executedQty': '0.000', 'cumQty': '0.000', 'cumQuote': '0.00000', 'timeInForce': 'GTC', 'type': 'LIMIT', 'reduceOnly': False, 'closePosition': False, 'side': 'BUY', 'positionSide': 'BOTH', 'stopPrice': '0.00', 'workingType': 'CONTRACT_PRICE', 'priceProtect': False, 'origType': 'LIMIT', 'priceMatch': 'NONE', 'selfTradePreventionMode': 'EXPIRE_MAKER', 'goodTillDate': 0, 'updateTime': 1751089081522}
2025-06-28 11:09:51,127 - \u274c Failed to place order: APIError(code=-1021): Timestamp for this request was 1000ms ahead of the server's time.
2025-06-28 11:21:26,014 - \u2705 Order placed: {'orderId': 4911930360, 'symbol': 'BTCUSDT', 'status': 'NEW', 'clientOrderId': 'x-Cb7ytekJ7718c85c1a36dcaf73ebff', 'price': '64000.00', 'avgPrice': '0.00', 'origQty': '0.010', 'executedQty': '0.000', 'cumQty': '0.000', 'cumQuote': '0.00000', 'timeInForce': 'GTC', 'type': 'LIMIT', 'reduceOnly': False, 'closePosition': False, 'side': 'SELL', 'positionSide': 'BOTH', 'stopPrice': '0.00', 'workingType': 'CONTRACT_PRICE', 'priceProtect': False, 'origType': 'LIMIT', 'priceMatch': 'NONE', 'selfTradePreventionMode': 'EXPIRE_MAKER', 'goodTillDate': 0, 'updateTime': 1751089884769}
2025-06-28 11:22:51,670 - \u274c Failed to place order: APIError(code=-2021): Order would immediately trigger.
2025-06-28 11:25:37,401 - \u274c Failed to place order: APIError(code=-2021): Order would immediately trigger.
2025-06-28 12:07:08,830 - \u274c Failed to place order: APIError(code=-1116): Invalid orderType.
2025-06-28 12:08:08,899 - \u274c Failed to place order: APIError(code=-1116): Invalid orderType.
2025-06-28 12:27:41,205 - \u274c Failed to place simulated OCO: APIError(code=-4013): Price less than min price.
2025-06-28 12:31:11,380 - \u274c Failed to place simulated OCO: APIError(code=-1022): Signature for this request is not valid.
2025-06-28 12:38:15,838 - \u274c Failed to place simulated OCO: APIError(code=-2015): Invalid API-key, IP, or permissions for action
2025-06-28 12:40:18,512 - \u274c Failed to place simulated OCO: APIError(code=-2015): Invalid API-key, IP, or permissions for action
2025-06-28 12:41:44,841 - \u274c Failed to place simulated OCO: APIError(code=-2015): Invalid API-key, IP, or permissions for action
2025-06-28 13:12:25,002 - \u2705 Order placed: {'orderId': 4915964757, 'symbol': 'BTCUSDT', 'status': 'NEW', 'clientOrderId': 'x-Cb7ytekJca94785d51c443096f6e68', 'price': '0.00', 'avgPrice': '0.00', 'origQty': '0.010', 'executedQty': '0.000', 'cumQty': '0.000', 'cumQuote': '0.00000', 'timeInForce': 'GTC', 'type': 'MARKET', 'reduceOnly': False, 'closePosition': False, 'side': 'BUY', 'positionSide': 'BOTH', 'stopPrice': '0.00', 'workingType': 'CONTRACT_PRICE', 'priceProtect': False, 'origType': 'MARKET', 'priceMatch': 'NONE', 'selfTradePreventionMode': 'EXPIRE_MAKER', 'goodTillDate': 0, 'updateTime': 1751096544100}
2025-06-28 13:13:34,066 - \u2705 Order placed: {'orderId': 4916005045, 'symbol': 'BTCUSDT', 'status': 'NEW', 'clientOrderId': 'x-Cb7ytekJ5cdaf2b3dfc9d67fa39ea', 'price': '64000.00', 'avgPrice': '0.00', 'origQty': '0.010', 'executedQty': '0.000', 'cumQty': '0.000', 'cumQuote': '0.00000', 'timeInForce': 'GTC', 'type': 'LIMIT', 'reduceOnly': False, 'closePosition': False, 'side': 'BUY', 'positionSide': 'BOTH', 'stopPrice': '0.00', 'workingType': 'CONTRACT_PRICE', 'priceProtect': False, 'origType': 'LIMIT', 'priceMatch': 'NONE', 'selfTradePreventionMode': 'EXPIRE_MAKER', 'goodTillDate': 0, 'updateTime': 1751096613164}
2025-06-28 13:14:15,082 - \u274c Failed to place simulated OCO: APIError(code=-1022): Signature for this request is not valid.
2025-06-28 13:34:34,231 - \u274c Failed to place order: APIError(code=-1022): Signature for this request is not valid.
2025-06-28 13:37:14,500 - \u274c Failed to place order: APIError(code=-1022): Signature for this request is not valid.
2025-06-28 13:39:07,797 - \u274c Failed to place order: APIError(code=-1022): Signature for this request is not valid.
2025-06-28 13:46:38,421 - \u2705 Order placed: {'orderId': 4917201989, 'symbol': 'BTCUSDT', 'status': 'NEW', 'clientOrderId': 'x-Cb7ytekJddf330f3f1b9b37b63d76d', 'price': '0.00', 'avgPrice': '0.00', 'origQty': '0.010', 'executedQty': '0.000', 'cumQty': '0.000', 'cumQuote': '0.00000', 'timeInForce': 'GTC', 'type': 'MARKET', 'reduceOnly': False, 'closePosition': False, 'side': 'BUY', 'positionSide': 'BOTH', 'stopPrice': '0.00', 'workingType': 'CONTRACT_PRICE', 'priceProtect': False, 'origType': 'MARKET', 'priceMatch': 'NONE', 'selfTradePreventionMode': 'EXPIRE_MAKER', 'goodTillDate': 0, 'updateTime': 1751098597530}
2025-06-28 13:47:43,173 - \u2705 Order placed: {'orderId': 4917241085, 'symbol': 'BTCUSDT', 'status': 'NEW', 'clientOrderId': 'x-Cb7ytekJe6cda12c402f5b8d2adcc4', 'price': '64300.00', 'avgPrice': '0.00', 'origQty': '0.010', 'executedQty': '0.000', 'cumQty': '0.000', 'cumQuote': '0.00000', 'timeInForce': 'GTC', 'type': 'LIMIT', 'reduceOnly': False, 'closePosition': False, 'side': 'BUY', 'positionSide': 'BOTH', 'stopPrice': '0.00', 'workingType': 'CONTRACT_PRICE', 'priceProtect': False, 'origType': 'LIMIT', 'priceMatch': 'NONE', 'selfTradePreventionMode': 'EXPIRE_MAKER', 'goodTillDate': 0, 'updateTime': 1751098662288}
2025-06-28 13:48:09,165 - \u2705 Order placed: {'orderId': 4917258001, 'symbol': 'BTCUSDT', 'status': 'NEW', 'clientOrderId': 'x-Cb7ytekJ65b0bc61ac5e6d4f487406', 'price': '0.00', 'avgPrice': '0.00', 'origQty': '0.010', 'executedQty': '0.000', 'cumQty': '0.000', 'cumQuote': '0.00000', 'timeInForce': 'GTC', 'type': 'MARKET', 'reduceOnly': False, 'closePosition': False, 'side': 'SELL', 'positionSide': 'BOTH', 'stopPrice': '0.00', 'workingType': 'CONTRACT_PRICE', 'priceProtect': False, 'origType': 'MARKET', 'priceMatch': 'NONE', 'selfTradePreventionMode': 'EXPIRE_MAKER', 'goodTillDate': 0, 'updateTime': 1751098688282}
